[08:33:53] [Server thread/INFO]: Starting minecraft server version 1.8.8
[08:33:53] [Server thread/INFO]: Loading properties
[08:33:53] [Server thread/WARN]: server.properties does not exist
[08:33:53] [Server thread/INFO]: Generating new properties file
[08:33:53] [Server thread/INFO]: Default game type: SURVIVAL
[08:33:53] [Server thread/INFO]: This server is running CraftBukkit version git-PaperSpigot-445 (MC: 1.8.8) (Implementing API version 1.8.8-R0.1-SNAPSHOT)
[08:33:53] [Server thread/INFO]: Unable to find file banned-players.json, creating it.
[08:33:53] [Server thread/INFO]: Unable to find file banned-ips.json, creating it.
[08:33:53] [Server thread/INFO]: Unable to find file ops.json, creating it.
[08:33:53] [Server thread/INFO]: Unable to find file whitelist.json, creating it.
[08:33:53] [Server thread/INFO]: Debug logging is disabled
[08:33:53] [Server thread/INFO]: Spigot Timings: true - Verbose: true - Interval: 5m - Length: 60m
[08:33:53] [Server thread/INFO]: Server Ping Player Sample Count: 12

[08:33:53] [Server thread/INFO]: Using 4 threads for Netty based IO
[08:33:53] [Server thread/INFO]: Data value allowed items: 
[08:33:53] [Server thread/WARN]: java.lang.NoSuchFieldException: modifiers

[08:33:53] [Server thread/WARN]: 	at java.base/java.lang.Class.getDeclaredField(Class.java:2549)

[08:33:53] [Server thread/WARN]: 	at org.github.paperspigot.PaperSpigotConfig.stackableBuckets(PaperSpigotConfig.java:192)

[08:33:53] [Server thread/WARN]: 	at java.base/jdk.internal.reflect.NativeMethodAccessorImpl.invoke0(Native Method)

[08:33:53] [Server thread/WARN]: 	at java.base/jdk.internal.reflect.NativeMethodAccessorImpl.invoke(NativeMethodAccessorImpl.java:78)

[08:33:53] [Server thread/WARN]: 	at java.base/jdk.internal.reflect.DelegatingMethodAccessorImpl.invoke(DelegatingMethodAccessorImpl.java:43)

[08:33:53] [Server thread/WARN]: 	at java.base/java.lang.reflect.Method.invoke(Method.java:567)

[08:33:53] [Server thread/WARN]: 	at org.github.paperspigot.PaperSpigotConfig.readConfig(PaperSpigotConfig.java:84)

[08:33:53] [Server thread/WARN]: 	at org.github.paperspigot.PaperSpigotConfig.init(PaperSpigotConfig.java:62)

[08:33:53] [Server thread/WARN]: 	at net.minecraft.server.v1_8_R3.DedicatedServer.init(DedicatedServer.java:181)

[08:33:53] [Server thread/WARN]: 	at net.minecraft.server.v1_8_R3.MinecraftServer.run(MinecraftServer.java:563)

[08:33:53] [Server thread/WARN]: 	at java.base/java.lang.Thread.run(Thread.java:831)

[08:33:53] [Server thread/INFO]: Generating keypair
[08:33:53] [Server thread/INFO]: Starting Minecraft server on *:25565
[08:33:53] [Server thread/INFO]: Your platform does not provide complete low-level API for accessing direct buffers reliably. Unless explicitly requested, heap buffer will always be preferred to avoid potential system unstability.
[08:33:53] [Server thread/INFO]: Using epoll channel type
[08:33:54] [Server thread/INFO]: **** Beginning UUID conversion, this may take A LONG time ****
[08:33:54] [Server thread/INFO]: Preparing level "world"
[08:33:54] [Server thread/INFO]: -------- World Settings For [world] --------
[08:33:54] [Server thread/INFO]: Anti X-Ray: true
[08:33:54] [Server thread/INFO]: 	Engine Mode: 1
[08:33:54] [Server thread/INFO]: 	Hidden Blocks: [14, 15, 16, 21, 48, 49, 54, 56, 73, 74, 82, 129, 130]
[08:33:54] [Server thread/INFO]: 	Replace Blocks: [1, 5]
[08:33:54] [Server thread/INFO]: Nerfing mobs spawned from spawners: false
[08:33:54] [Server thread/INFO]: Mob Spawn Range: 4
[08:33:54] [Server thread/INFO]: Cactus Growth Modifier: 100%
[08:33:54] [Server thread/INFO]: Cane Growth Modifier: 100%
[08:33:54] [Server thread/INFO]: Melon Growth Modifier: 100%
[08:33:54] [Server thread/INFO]: Mushroom Growth Modifier: 100%
[08:33:54] [Server thread/INFO]: Pumpkin Growth Modifier: 100%
[08:33:54] [Server thread/INFO]: Sapling Growth Modifier: 100%
[08:33:54] [Server thread/INFO]: Wheat Growth Modifier: 100%
[08:33:54] [Server thread/INFO]: NetherWart Growth Modifier: 100%
[08:33:54] [Server thread/INFO]: Entity Activation Range: An 32 / Mo 32 / Mi 16
[08:33:54] [Server thread/INFO]: Entity Tracking Range: Pl 48 / An 48 / Mo 48 / Mi 32 / Other 64
[08:33:54] [Server thread/INFO]: Hopper Transfer: 8 Hopper Check: 8 Hopper Amount: 1
[08:33:54] [Server thread/INFO]: Random Lighting Updates: false
[08:33:54] [Server thread/INFO]: Structure Info Saving: true
[08:33:54] [Server thread/INFO]: Sending up to 10 chunks per packet
[08:33:54] [Server thread/INFO]: Max Entity Collisions: 8
[08:33:54] [Server thread/INFO]: Custom Map Seeds:  Village: 10387312 Feature: 14357617
[08:33:54] [Server thread/INFO]: Max TNT Explosions: 100
[08:33:54] [Server thread/INFO]: Tile Max Tick Time: 50ms Entity max Tick Time: 50ms
[08:33:54] [Server thread/INFO]: Item Despawn Rate: 6000
[08:33:54] [Server thread/INFO]: Item Merge Radius: 2.5
[08:33:54] [Server thread/INFO]: Arrow Despawn Rate: 1200
[08:33:54] [Server thread/INFO]: Allow Zombie Pigmen to spawn from portal blocks: true
[08:33:54] [Server thread/INFO]: View Distance: 10
[08:33:54] [Server thread/INFO]: Zombie Aggressive Towards Villager: true
[08:33:54] [Server thread/INFO]: Chunks to Grow per Tick: 650
[08:33:54] [Server thread/INFO]: Clear tick list: false
[08:33:54] [Server thread/INFO]: Experience Merge Radius: 3.0
[08:33:54] [Server thread/INFO]: -------- World Settings For [world] --------
[08:33:54] [Server thread/INFO]: Living Entity Despawn Ranges:  Soft: 32 Hard: 128
[08:33:54] [Server thread/INFO]: Remove invalid mob spawner tile entities: true
[08:33:54] [Server thread/INFO]: Player blocking damage multiplier set to 0.5
[08:33:54] [Server thread/INFO]: Squids will spawn between Y: 45.0 and Y: 63.0
[08:33:54] [Server thread/INFO]: Max height for cactus growth 3. Max height for reed growth 3
[08:33:54] [Server thread/INFO]: Water over lava flow speed: 5
[08:33:54] [Server thread/INFO]: Fix TNT cannons: false
[08:33:54] [Server thread/INFO]: Allow undead horse types to be leashed: false
[08:33:54] [Server thread/INFO]: Keep spawn chunk loaded: true
[08:33:54] [Server thread/INFO]: World async lighting: false
[08:33:54] [Server thread/INFO]: WorldServer TickNextTick cap set at 10000
[08:33:54] [Server thread/INFO]: WorldServer TickNextTickList cap always processes redstone: false
[08:33:54] [Server thread/INFO]: -------- World Settings For [world_nether] --------
[08:33:54] [Server thread/INFO]: Anti X-Ray: true
[08:33:54] [Server thread/INFO]: 	Engine Mode: 1
[08:33:54] [Server thread/INFO]: 	Hidden Blocks: [14, 15, 16, 21, 48, 49, 54, 56, 73, 74, 82, 129, 130]
[08:33:54] [Server thread/INFO]: 	Replace Blocks: [1, 5]
[08:33:54] [Server thread/INFO]: Nerfing mobs spawned from spawners: false
[08:33:54] [Server thread/INFO]: Mob Spawn Range: 4
[08:33:54] [Server thread/INFO]: Cactus Growth Modifier: 100%
[08:33:54] [Server thread/INFO]: Cane Growth Modifier: 100%
[08:33:54] [Server thread/INFO]: Melon Growth Modifier: 100%
[08:33:54] [Server thread/INFO]: Mushroom Growth Modifier: 100%
[08:33:54] [Server thread/INFO]: Pumpkin Growth Modifier: 100%
[08:33:54] [Server thread/INFO]: Sapling Growth Modifier: 100%
[08:33:54] [Server thread/INFO]: Wheat Growth Modifier: 100%
[08:33:54] [Server thread/INFO]: NetherWart Growth Modifier: 100%
[08:33:54] [Server thread/INFO]: Entity Activation Range: An 32 / Mo 32 / Mi 16
[08:33:54] [Server thread/INFO]: Entity Tracking Range: Pl 48 / An 48 / Mo 48 / Mi 32 / Other 64
[08:33:54] [Server thread/INFO]: Hopper Transfer: 8 Hopper Check: 8 Hopper Amount: 1
[08:33:54] [Server thread/INFO]: Random Lighting Updates: false
[08:33:54] [Server thread/INFO]: Structure Info Saving: true
[08:33:54] [Server thread/INFO]: Sending up to 10 chunks per packet
[08:33:54] [Server thread/INFO]: Max Entity Collisions: 8
[08:33:54] [Server thread/INFO]: Custom Map Seeds:  Village: 10387312 Feature: 14357617
[08:33:54] [Server thread/INFO]: Max TNT Explosions: 100
[08:33:54] [Server thread/INFO]: Tile Max Tick Time: 50ms Entity max Tick Time: 50ms
[08:33:54] [Server thread/INFO]: Item Despawn Rate: 6000
[08:33:54] [Server thread/INFO]: Item Merge Radius: 2.5
[08:33:54] [Server thread/INFO]: Arrow Despawn Rate: 1200
[08:33:54] [Server thread/INFO]: Allow Zombie Pigmen to spawn from portal blocks: true
[08:33:54] [Server thread/INFO]: View Distance: 10
[08:33:54] [Server thread/INFO]: Zombie Aggressive Towards Villager: true
[08:33:54] [Server thread/INFO]: Chunks to Grow per Tick: 650
[08:33:54] [Server thread/INFO]: Clear tick list: false
[08:33:54] [Server thread/INFO]: Experience Merge Radius: 3.0
[08:33:54] [Server thread/INFO]: -------- World Settings For [world_nether] --------
[08:33:54] [Server thread/INFO]: Living Entity Despawn Ranges:  Soft: 32 Hard: 128
[08:33:54] [Server thread/INFO]: Remove invalid mob spawner tile entities: true
[08:33:54] [Server thread/INFO]: Player blocking damage multiplier set to 0.5
[08:33:54] [Server thread/INFO]: Squids will spawn between Y: 45.0 and Y: 63.0
[08:33:54] [Server thread/INFO]: Max height for cactus growth 3. Max height for reed growth 3
[08:33:54] [Server thread/INFO]: Water over lava flow speed: 5
[08:33:54] [Server thread/INFO]: Fix TNT cannons: false
[08:33:54] [Server thread/INFO]: Allow undead horse types to be leashed: false
[08:33:54] [Server thread/INFO]: Keep spawn chunk loaded: true
[08:33:54] [Server thread/INFO]: World async lighting: false
[08:33:54] [Server thread/INFO]: WorldServer TickNextTick cap set at 10000
[08:33:54] [Server thread/INFO]: WorldServer TickNextTickList cap always processes redstone: false
[08:33:54] [Server thread/INFO]: -------- World Settings For [world_the_end] --------
[08:33:54] [Server thread/INFO]: Anti X-Ray: true
[08:33:54] [Server thread/INFO]: 	Engine Mode: 1
[08:33:54] [Server thread/INFO]: 	Hidden Blocks: [14, 15, 16, 21, 48, 49, 54, 56, 73, 74, 82, 129, 130]
[08:33:54] [Server thread/INFO]: 	Replace Blocks: [1, 5]
[08:33:54] [Server thread/INFO]: Nerfing mobs spawned from spawners: false
[08:33:54] [Server thread/INFO]: Mob Spawn Range: 4
[08:33:54] [Server thread/INFO]: Cactus Growth Modifier: 100%
[08:33:54] [Server thread/INFO]: Cane Growth Modifier: 100%
[08:33:54] [Server thread/INFO]: Melon Growth Modifier: 100%
[08:33:54] [Server thread/INFO]: Mushroom Growth Modifier: 100%
[08:33:54] [Server thread/INFO]: Pumpkin Growth Modifier: 100%
[08:33:54] [Server thread/INFO]: Sapling Growth Modifier: 100%
[08:33:54] [Server thread/INFO]: Wheat Growth Modifier: 100%
[08:33:54] [Server thread/INFO]: NetherWart Growth Modifier: 100%
[08:33:54] [Server thread/INFO]: Entity Activation Range: An 32 / Mo 32 / Mi 16
[08:33:54] [Server thread/INFO]: Entity Tracking Range: Pl 48 / An 48 / Mo 48 / Mi 32 / Other 64
[08:33:54] [Server thread/INFO]: Hopper Transfer: 8 Hopper Check: 8 Hopper Amount: 1
[08:33:54] [Server thread/INFO]: Random Lighting Updates: false
[08:33:54] [Server thread/INFO]: Structure Info Saving: true
[08:33:54] [Server thread/INFO]: Sending up to 10 chunks per packet
[08:33:54] [Server thread/INFO]: Max Entity Collisions: 8
[08:33:54] [Server thread/INFO]: Custom Map Seeds:  Village: 10387312 Feature: 14357617
[08:33:54] [Server thread/INFO]: Max TNT Explosions: 100
[08:33:54] [Server thread/INFO]: Tile Max Tick Time: 50ms Entity max Tick Time: 50ms
[08:33:54] [Server thread/INFO]: Item Despawn Rate: 6000
[08:33:54] [Server thread/INFO]: Item Merge Radius: 2.5
[08:33:54] [Server thread/INFO]: Arrow Despawn Rate: 1200
[08:33:54] [Server thread/INFO]: Allow Zombie Pigmen to spawn from portal blocks: true
[08:33:54] [Server thread/INFO]: View Distance: 10
[08:33:54] [Server thread/INFO]: Zombie Aggressive Towards Villager: true
[08:33:54] [Server thread/INFO]: Chunks to Grow per Tick: 650
[08:33:54] [Server thread/INFO]: Clear tick list: false
[08:33:54] [Server thread/INFO]: Experience Merge Radius: 3.0
[08:33:54] [Server thread/INFO]: -------- World Settings For [world_the_end] --------
[08:33:54] [Server thread/INFO]: Living Entity Despawn Ranges:  Soft: 32 Hard: 128
[08:33:54] [Server thread/INFO]: Remove invalid mob spawner tile entities: true
[08:33:54] [Server thread/INFO]: Player blocking damage multiplier set to 0.5
[08:33:54] [Server thread/INFO]: Squids will spawn between Y: 45.0 and Y: 63.0
[08:33:54] [Server thread/INFO]: Max height for cactus growth 3. Max height for reed growth 3
[08:33:54] [Server thread/INFO]: Water over lava flow speed: 5
[08:33:54] [Server thread/INFO]: Fix TNT cannons: false
[08:33:54] [Server thread/INFO]: Allow undead horse types to be leashed: false
[08:33:54] [Server thread/INFO]: Keep spawn chunk loaded: true
[08:33:54] [Server thread/INFO]: World async lighting: false
[08:33:54] [Server thread/INFO]: WorldServer TickNextTick cap set at 10000
[08:33:54] [Server thread/INFO]: WorldServer TickNextTickList cap always processes redstone: false
[08:33:54] [Server thread/INFO]: Preparing start region for level 0 (Seed: -3689358981075744194)
[08:33:55] [Server thread/INFO]: Preparing spawn area: 8%
[08:33:56] [Server thread/INFO]: Preparing spawn area: 16%
[08:33:57] [Server thread/INFO]: Preparing spawn area: 26%
[08:33:58] [Server thread/INFO]: Preparing spawn area: 38%
[08:33:59] [Server thread/INFO]: Preparing spawn area: 53%
[08:34:00] [Server thread/INFO]: Preparing spawn area: 69%
[08:34:02] [Server thread/INFO]: Preparing spawn area: 86%
[08:34:02] [Server thread/INFO]: Preparing start region for level 1 (Seed: -3689358981075744194)
[08:34:03] [Server thread/INFO]: Preparing spawn area: 23%
[08:34:04] [Server thread/INFO]: Preparing spawn area: 58%
[08:34:05] [Server thread/INFO]: Preparing spawn area: 85%
[08:34:06] [Server thread/INFO]: Preparing start region for level 2 (Seed: -3689358981075744194)
[08:34:07] [Server thread/INFO]: Preparing spawn area: 57%
[08:34:07] [Server thread/INFO]: Done (13.832s)! For help, type "help" or "?"
[08:34:07] [Server thread/INFO]: Timings Reset
[08:34:21] [Thread-1/INFO]: Stopping server
[08:34:21] [Thread-1/INFO]: Saving players
